<?xml version="1.0" encoding="UTF-8"?>
<!-- Generated by org.testng.reporters.JUnitXMLReporter -->
<testsuite hostname="PUNE-DT-0689" name="TestFramework" tests="4" failures="0" timestamp="17 Mar 2017 12:23:27 GMT" time="33.905" errors="0">
  <testcase name="valid_user_login" time="3.695" classname="seqrite.mdm.test.LoginTest"/>
  <testcase name="add_new_user" time="7.871" classname="seqrite.mdm.test.UserTest"/>
  <testcase name="delete_user" time="0.002" classname="seqrite.mdm.test.UserTest"/>
  <testcase name="update_user" time="0.003" classname="seqrite.mdm.test.UserTest"/>
</testsuite> <!-- TestFramework -->
