<?xml version="1.0" encoding="UTF-8"?>
<!-- Generated by org.testng.reporters.JUnitXMLReporter -->
<testsuite hostname="qhpunm7lp019" ignored="0" name="AntitheftTest" tests="2" failures="0" timestamp="07 Aug 2018 13:29:36 GMT" time="47.581" errors="0">
  <testcase name="verify_Add_Antitheft" time="4.366" classname="seqrite.mdm.test.AntitheftTest"/>
  <testcase name="Apply_Antitheft_Configuration" time="21.214" classname="seqrite.mdm.test.AntitheftTest"/>
</testsuite> <!-- AntitheftTest -->
