<?xml version="1.0" encoding="UTF-8"?>
<!-- Generated by org.testng.reporters.JUnitXMLReporter -->
<testsuite hostname="qhpunm7lp019" ignored="0" name="AppConfigurationTest" tests="3" failures="0" timestamp="07 Aug 2018 13:33:35 GMT" time="98.92" errors="0">
  <testcase name="verify_Add_App_Configuration" time="15.771" classname="seqrite.mdm.test.AppConfigurationTest"/>
  <testcase name="verify_Apply_App_Configuration" time="26.096" classname="seqrite.mdm.test.AppConfigurationTest"/>
  <testcase name="verify_apply_Launcher_Configration" time="34.276" classname="seqrite.mdm.test.AppConfigurationTest"/>
</testsuite> <!-- AppConfigurationTest -->
