<?xml version="1.0" encoding="UTF-8"?>
<!-- Generated by org.testng.reporters.JUnitXMLReporter -->
<testsuite hostname="qhpunm7lp019" ignored="16" name="BVT_Test" tests="9" failures="0" timestamp="03 Aug 2018 13:33:33 GMT" time="161.584" errors="0">
  <testcase name="verify_Add_New_User" time="10.691" classname="seqrite.mdm.test.UserTest"/>
  <testcase name="verify_Add_Device" time="10.5" classname="seqrite.mdm.test.DevicesTest"/>
  <testcase name="verify_create_policy" time="8.338" classname="seqrite.mdm.test.PoliciesTest"/>
  <testcase name="verify_add_ScheduleScan" time="8.721" classname="seqrite.mdm.test.ScheduleScanTest"/>
  <testcase name="verify_Add_Antitheft" time="9.131" classname="seqrite.mdm.test.AntitheftTest"/>
  <testcase name="verify_Create_Networkconfig" time="21.804" classname="seqrite.mdm.test.NetworkconfigTest"/>
  <testcase name="verify_Create_WebSecurity" time="10.322" classname="seqrite.mdm.test.WebSecurityTest"/>
  <testcase name="verify_Add_App_Configuration" time="15.483" classname="seqrite.mdm.test.AppConfigurationTest"/>
  <testcase name="verify_Create_WiFi_Fence" time="5.957" classname="seqrite.mdm.test.FenceTest"/>
  <testcase name="@BeforeSuite loading_configurations" time="0.0" classname="seqrite.mdm.utils.Setup">
    <ignored/>
  </testcase> <!-- @BeforeSuite loading_configurations -->
  <testcase name="@BeforeSuite loading_configurations" time="0.0" classname="seqrite.mdm.utils.Setup">
    <ignored/>
  </testcase> <!-- @BeforeSuite loading_configurations -->
  <testcase name="@BeforeSuite loading_configurations" time="0.0" classname="seqrite.mdm.utils.Setup">
    <ignored/>
  </testcase> <!-- @BeforeSuite loading_configurations -->
  <testcase name="@BeforeSuite loading_configurations" time="0.0" classname="seqrite.mdm.utils.Setup">
    <ignored/>
  </testcase> <!-- @BeforeSuite loading_configurations -->
  <testcase name="@BeforeSuite loading_configurations" time="0.0" classname="seqrite.mdm.utils.Setup">
    <ignored/>
  </testcase> <!-- @BeforeSuite loading_configurations -->
  <testcase name="@BeforeSuite loading_configurations" time="0.0" classname="seqrite.mdm.utils.Setup">
    <ignored/>
  </testcase> <!-- @BeforeSuite loading_configurations -->
  <testcase name="@BeforeSuite loading_configurations" time="0.0" classname="seqrite.mdm.utils.Setup">
    <ignored/>
  </testcase> <!-- @BeforeSuite loading_configurations -->
  <testcase name="@BeforeSuite loading_configurations" time="0.0" classname="seqrite.mdm.utils.Setup">
    <ignored/>
  </testcase> <!-- @BeforeSuite loading_configurations -->
  <testcase name="@AfterSuite end_of_test_suit" time="0.0" classname="seqrite.mdm.utils.Setup">
    <ignored/>
  </testcase> <!-- @AfterSuite end_of_test_suit -->
  <testcase name="@AfterSuite end_of_test_suit" time="0.0" classname="seqrite.mdm.utils.Setup">
    <ignored/>
  </testcase> <!-- @AfterSuite end_of_test_suit -->
  <testcase name="@AfterSuite end_of_test_suit" time="0.0" classname="seqrite.mdm.utils.Setup">
    <ignored/>
  </testcase> <!-- @AfterSuite end_of_test_suit -->
  <testcase name="@AfterSuite end_of_test_suit" time="0.0" classname="seqrite.mdm.utils.Setup">
    <ignored/>
  </testcase> <!-- @AfterSuite end_of_test_suit -->
  <testcase name="@AfterSuite end_of_test_suit" time="0.0" classname="seqrite.mdm.utils.Setup">
    <ignored/>
  </testcase> <!-- @AfterSuite end_of_test_suit -->
  <testcase name="@AfterSuite end_of_test_suit" time="0.0" classname="seqrite.mdm.utils.Setup">
    <ignored/>
  </testcase> <!-- @AfterSuite end_of_test_suit -->
  <testcase name="@AfterSuite end_of_test_suit" time="0.0" classname="seqrite.mdm.utils.Setup">
    <ignored/>
  </testcase> <!-- @AfterSuite end_of_test_suit -->
  <testcase name="@AfterSuite end_of_test_suit" time="0.0" classname="seqrite.mdm.utils.Setup">
    <ignored/>
  </testcase> <!-- @AfterSuite end_of_test_suit -->
</testsuite> <!-- BVT_Test -->
