<?xml version="1.0" encoding="UTF-8"?>
<!-- Generated by org.testng.reporters.JUnitXMLReporter -->
<testsuite hostname="qhpunm7lp019" ignored="0" name="DevicesTest" tests="2" failures="0" timestamp="10 Aug 2018 09:04:46 GMT" time="43.769" errors="0">
  <testcase name="verify_device_list_enroll_with_ADO" time="13.301" classname="seqrite.mdm.test.DevicesTest"/>
  <testcase name="verify_assign_Configuration_device" time="16.649" classname="seqrite.mdm.test.DevicesTest"/>
</testsuite> <!-- DevicesTest -->
