<?xml version="1.0" encoding="UTF-8"?>
<!-- Generated by org.testng.reporters.JUnitXMLReporter -->
<testsuite hostname="qhpunm7lp019" ignored="0" name="DevicesTest" tests="4" failures="0" timestamp="07 Aug 2018 13:26:47 GMT" time="107.09" errors="0">
  <testcase name="verify_Add_Device" time="10.943" classname="seqrite.mdm.test.DevicesTest"/>
  <testcase name="verify_ringcommands_on_device" time="16.856" classname="seqrite.mdm.test.DevicesTest"/>
  <testcase name="verify_synccommand_on_device" time="34.117" classname="seqrite.mdm.test.DevicesTest"/>
  <testcase name="verify_device_details" time="9.771" classname="seqrite.mdm.test.DevicesTest"/>
</testsuite> <!-- DevicesTest -->
