<?xml version="1.0" encoding="UTF-8"?>
<!-- Generated by org.testng.reporters.JUnitXMLReporter -->
<testsuite hostname="qhpunm7lp019" ignored="0" name="FenceTest" tests="5" failures="0" timestamp="07 Aug 2018 13:35:16 GMT" time="100.587" errors="0">
  <testcase name="verify_Create_WiFi_Fence" time="6.656" classname="seqrite.mdm.test.FenceTest"/>
  <testcase name="verify_create_Geo_fence" time="9.196" classname="seqrite.mdm.test.FenceTest"/>
  <testcase name="verify_create_Time_fence" time="16.354" classname="seqrite.mdm.test.FenceTest"/>
  <testcase name="verify_create_fence_configuration" time="10.382" classname="seqrite.mdm.test.FenceTest"/>
  <testcase name="apply_fence_configuration" time="23.487" classname="seqrite.mdm.test.FenceTest"/>
</testsuite> <!-- FenceTest -->
