<?xml version="1.0" encoding="UTF-8"?>
<!-- Generated by org.testng.reporters.JUnitXMLReporter -->
<testsuite hostname="qhpunm7lp019" ignored="0" name="NetworkconfigTest" tests="2" failures="0" timestamp="07 Aug 2018 13:30:49 GMT" time="73.166" errors="0">
  <testcase name="verify_Create_Networkconfig" time="22.15" classname="seqrite.mdm.test.NetworkconfigTest"/>
  <testcase name="verify_apply_Networkconfig" time="38.052" classname="seqrite.mdm.test.NetworkconfigTest"/>
</testsuite> <!-- NetworkconfigTest -->
