<?xml version="1.0" encoding="UTF-8"?>
<!-- Generated by org.testng.reporters.JUnitXMLReporter -->
<testsuite hostname="qhpunm7lp019" ignored="0" name="ScheduleScanTest" tests="2" failures="0" timestamp="07 Aug 2018 13:28:48 GMT" time="68.85" errors="0">
  <testcase name="verify_add_ScheduleScan" time="9.123" classname="seqrite.mdm.test.ScheduleScanTest"/>
  <testcase name="apply_ScheduleScan" time="37.695" classname="seqrite.mdm.test.ScheduleScanTest"/>
</testsuite> <!-- ScheduleScanTest -->
