<?xml version="1.0" encoding="UTF-8"?>
<!-- Generated by org.testng.reporters.JUnitXMLReporter -->
<testsuite hostname="qhpunm7lp019" ignored="0" name="UserTest" tests="2" failures="0" timestamp="10 Aug 2018 09:04:03 GMT" time="53.433" errors="0">
  <testcase name="verify_check_Enroll_New_Device_via_overview" time="17.098" classname="seqrite.mdm.test.UserTest"/>
  <testcase name="verify_column_header_sorting" time="20.808" classname="seqrite.mdm.test.UserTest"/>
</testsuite> <!-- UserTest -->
