<?xml version="1.0" encoding="UTF-8"?>
<!-- Generated by org.testng.reporters.JUnitXMLReporter -->
<testsuite hostname="qhpunm7lp019" ignored="0" name="WebSecurityTest" tests="2" failures="0" timestamp="07 Aug 2018 13:31:56 GMT" time="67.481" errors="0">
  <testcase name="verify_Create_WebSecurity" time="11.058" classname="seqrite.mdm.test.WebSecurityTest"/>
  <testcase name="apply_Configuration" time="43.114" classname="seqrite.mdm.test.WebSecurityTest"/>
</testsuite> <!-- WebSecurityTest -->
