<?xml version="1.0" encoding="UTF-8"?>
<!-- Generated by org.testng.reporters.JUnitXMLReporter -->
<testsuite hostname="qhpunm7lp019" ignored="0" name="Default test" tests="2" failures="0" timestamp="21 Aug 2018 11:42:59 GMT" time="61.597" errors="0">
  <testcase name="verify_check_device_action_enabling_call_sms" time="26.298" classname="seqrite.mdm.test.DevicesTest"/>
  <testcase name="verify_check_search_command_policy_config_on_activity_tab" time="20.618" classname="seqrite.mdm.test.DevicesTest"/>
</testsuite> <!-- Default test -->
